2025-06-29 21:48:38,202 - src.utils - INFO - Validating pipeline setup...
2025-06-29 21:48:38,203 - src.utils - INFO - ✅ Data file found: /Users/phanumetchoompun/Desktop/dataset_ V2/student_realistic_data.csv
2025-06-29 21:48:38,203 - src.utils - INFO - ✅ Configuration validation passed
2025-06-29 21:48:38,203 - src.utils - INFO - ✅ All required packages available
2025-06-29 21:48:38,203 - src.utils - INFO - Pipeline validation completed successfully
2025-06-29 21:48:38,204 - src.data_preprocessing - INFO - Starting data preprocessing pipeline...
2025-06-29 21:48:38,204 - src.utils - INFO - Starting Data Preprocessing - 6 steps
2025-06-29 21:48:38,204 - src.data_preprocessing - INFO - Loading raw data...
2025-06-29 21:48:38,204 - src.utils - INFO - Loading data from: /Users/phanumetchoompun/Desktop/dataset_ V2/student_realistic_data.csv
2025-06-29 21:48:38,218 - src.utils - INFO - Data loaded successfully. Shape: (1789, 14)
2025-06-29 21:48:38,218 - src.data_preprocessing - INFO - Raw data loaded: (1789, 14)
2025-06-29 21:48:38,219 - src.utils - INFO - Step 1/6 (16.7%) - Loading raw data - Elapsed: 0:00:00.014665
2025-06-29 21:48:38,219 - src.data_preprocessing - INFO - Analyzing raw data...
2025-06-29 21:48:38,219 - src.utils - INFO - Analyzing data...
2025-06-29 21:48:38,266 - src.utils - INFO - Data analysis completed
2025-06-29 21:48:38,267 - src.utils - INFO - Detecting outliers using iqr method...
2025-06-29 21:48:38,290 - src.utils - INFO - Outlier detection completed. Found outliers in 13 columns
2025-06-29 21:48:38,290 - src.utils - INFO - Saving JSON to: /Users/phanumetchoompun/Desktop/dataset_ V2/result/preprocessing/raw_data_analysis.json
2025-06-29 21:48:38,292 - src.utils - INFO - JSON saved successfully
2025-06-29 21:48:38,293 - src.utils - INFO - Step 2/6 (33.3%) - Analyzing raw data - Elapsed: 0:00:00.088665
2025-06-29 21:48:38,293 - src.data_preprocessing - INFO - Cleaning data...
2025-06-29 21:48:38,299 - src.utils - INFO - Step 3/6 (50.0%) - Cleaning data - Elapsed: 0:00:00.094786
2025-06-29 21:48:38,299 - src.data_preprocessing - INFO - Handling missing values...
2025-06-29 21:48:38,311 - src.data_preprocessing - INFO - Missing values after imputation: 0
2025-06-29 21:48:38,312 - src.utils - INFO - Step 4/6 (66.7%) - Handling missing values - Elapsed: 0:00:00.107678
2025-06-29 21:48:38,312 - src.data_preprocessing - INFO - Encoding categorical features...
2025-06-29 21:48:38,313 - src.utils - INFO - Saving JSON to: /Users/phanumetchoompun/Desktop/dataset_ V2/result/preprocessing/target_mapping.json
2025-06-29 21:48:38,314 - src.utils - INFO - JSON saved successfully
2025-06-29 21:48:38,314 - src.data_preprocessing - INFO - Encoded 0 categorical features
2025-06-29 21:48:38,314 - src.utils - INFO - Step 5/6 (83.3%) - Encoding categorical features - Elapsed: 0:00:00.110052
2025-06-29 21:48:38,314 - src.data_preprocessing - INFO - Normalizing features using standard...
2025-06-29 21:48:38,329 - src.data_preprocessing - INFO - Normalized 13 numeric features
2025-06-29 21:48:38,329 - src.utils - INFO - Step 6/6 (100.0%) - Normalizing features - Elapsed: 0:00:00.125211
2025-06-29 21:48:38,329 - src.utils - INFO - Data Preprocessing completed in 0:00:00.125334
2025-06-29 21:48:38,329 - src.utils - INFO - Saving data to: /Users/phanumetchoompun/Desktop/dataset_ V2/result/preprocessing/data_normalization.csv
2025-06-29 21:48:38,365 - src.utils - INFO - Data saved successfully
2025-06-29 21:48:38,365 - src.data_preprocessing - INFO - Creating preprocessing report...
2025-06-29 21:48:38,365 - src.utils - INFO - Saving JSON to: /Users/phanumetchoompun/Desktop/dataset_ V2/result/preprocessing/normalization_report.json
2025-06-29 21:48:38,366 - src.utils - INFO - JSON saved successfully
2025-06-29 21:48:38,366 - src.data_preprocessing - INFO - Splitting data into train/test sets...
2025-06-29 21:48:38,373 - src.data_preprocessing - INFO - Data split - Train: (1431, 13), Test: (358, 13)
2025-06-29 21:48:38,374 - src.utils - INFO - Saving JSON to: /Users/phanumetchoompun/Desktop/dataset_ V2/result/preprocessing/data_split_info.json
2025-06-29 21:48:38,374 - src.utils - INFO - JSON saved successfully
2025-06-29 21:48:38,376 - src.utils - INFO - Saving data to: /Users/phanumetchoompun/Desktop/dataset_ V2/result/preprocessing/train_data.csv
2025-06-29 21:48:38,400 - src.utils - INFO - Data saved successfully
2025-06-29 21:48:38,400 - src.utils - INFO - Saving data to: /Users/phanumetchoompun/Desktop/dataset_ V2/result/preprocessing/test_data.csv
2025-06-29 21:48:38,408 - src.utils - INFO - Data saved successfully
2025-06-29 21:48:38,408 - src.data_preprocessing - INFO - Data preprocessing completed successfully
2025-06-29 21:48:38,409 - src.feature_selection - INFO - Starting feature selection pipeline...
2025-06-29 21:48:38,409 - src.utils - INFO - Starting Feature Selection - 6 steps
2025-06-29 21:48:38,409 - src.feature_selection - INFO - Loading normalized data...
2025-06-29 21:48:38,409 - src.utils - INFO - Loading data from: /Users/phanumetchoompun/Desktop/dataset_ V2/result/preprocessing/train_data.csv
2025-06-29 21:48:38,418 - src.utils - INFO - Data loaded successfully. Shape: (1431, 14)
2025-06-29 21:48:38,418 - src.utils - INFO - Loading data from: /Users/phanumetchoompun/Desktop/dataset_ V2/result/preprocessing/test_data.csv
2025-06-29 21:48:38,421 - src.utils - INFO - Data loaded successfully. Shape: (358, 14)
2025-06-29 21:48:38,422 - src.feature_selection - INFO - Data loaded - Train: (1431, 13), Test: (358, 13)
2025-06-29 21:48:38,422 - src.utils - INFO - Step 1/6 (16.7%) - Loading normalized data - Elapsed: 0:00:00.013453
2025-06-29 21:48:38,422 - src.feature_selection - INFO - Comparing feature selection methods...
2025-06-29 21:48:38,423 - src.feature_selection - INFO - Starting Smart Sequential Feature Selection...
2025-06-29 21:48:38,423 - src.feature_selection - INFO - Starting with 13 features
2025-06-29 21:48:38,423 - src.feature_selection - INFO - Round 1: Testing 13 features...
2025-06-29 21:49:07,456 - src.feature_selection - INFO - ✅ Added 'คะแนนคอมพิวเตอร์', Score: 0.5905 (+0.5905)
2025-06-29 21:49:07,456 - src.feature_selection - INFO - Round 2: Testing 12 features...
2025-06-29 21:49:40,557 - src.feature_selection - INFO - ✅ Added 'คะแนนศิลปะ', Score: 0.7044 (+0.1139)
2025-06-29 21:49:40,557 - src.feature_selection - INFO - Round 3: Testing 11 features...
2025-06-29 21:50:12,253 - src.feature_selection - INFO - ✅ Added 'คะแนนคณิตศาสตร์', Score: 0.8016 (+0.0971)
2025-06-29 21:50:12,253 - src.feature_selection - INFO - Round 4: Testing 10 features...
2025-06-29 21:50:42,755 - src.feature_selection - INFO - ✅ Added 'คะแนนวิทยาศาสตร์', Score: 0.8519 (+0.0503)
2025-06-29 21:50:42,755 - src.feature_selection - INFO - Round 5: Testing 9 features...
2025-06-29 21:51:09,507 - src.feature_selection - INFO - ✅ Added 'คะแนนภาษาไทย', Score: 0.8952 (+0.0433)
2025-06-29 21:51:09,507 - src.feature_selection - INFO - Round 6: Testing 8 features...
2025-06-29 21:51:33,071 - src.feature_selection - INFO - ❌ No significant improvement, Patience: 2/3
2025-06-29 21:51:33,071 - src.feature_selection - INFO - Round 6: Testing 8 features...
2025-06-29 21:51:56,275 - src.feature_selection - INFO - ❌ No significant improvement, Patience: 1/3
2025-06-29 21:51:56,275 - src.feature_selection - INFO - Round 6: Testing 8 features...
2025-06-29 21:52:19,504 - src.feature_selection - INFO - ❌ No significant improvement, Patience: 0/3
2025-06-29 21:52:19,504 - src.feature_selection - INFO - 🛑 Stopped: No improvement for 3 consecutive rounds
2025-06-29 21:52:19,504 - src.feature_selection - INFO - Starting RFE Feature Selection...
2025-06-29 21:52:47,061 - src.feature_selection - INFO - RFE-CV completed - Selected 6 features
2025-06-29 21:52:47,062 - src.feature_selection - INFO - Starting Filter Feature Selection...
2025-06-29 21:52:47,288 - src.feature_selection - INFO - Filter Feature Selection completed
2025-06-29 21:52:47,289 - src.feature_selection - INFO - Starting Embedded Feature Selection...
2025-06-29 21:52:48,039 - src.feature_selection - INFO - Embedded Feature Selection completed
2025-06-29 21:52:51,173 - src.feature_selection - INFO - Feature selection comparison completed - Best: sequential (0.8952)
2025-06-29 21:52:51,173 - src.utils - INFO - Step 2/6 (33.3%) - Comparing feature selection methods - Elapsed: 0:04:12.764323
2025-06-29 21:52:51,173 - src.feature_selection - INFO - Creating dataset with selected features...
2025-06-29 21:52:51,177 - src.utils - INFO - Saving data to: /Users/phanumetchoompun/Desktop/dataset_ V2/result/feature_selection/train_data_selected.csv
2025-06-29 21:52:51,200 - src.utils - INFO - Data saved successfully
2025-06-29 21:52:51,201 - src.utils - INFO - Saving data to: /Users/phanumetchoompun/Desktop/dataset_ V2/result/feature_selection/test_data_selected.csv
2025-06-29 21:52:51,208 - src.utils - INFO - Data saved successfully
2025-06-29 21:52:51,211 - src.utils - INFO - Saving data to: /Users/phanumetchoompun/Desktop/dataset_ V2/result/feature_selection/data_selection.csv
2025-06-29 21:52:51,236 - src.utils - INFO - Data saved successfully
2025-06-29 21:52:51,236 - src.feature_selection - INFO - Selected dataset saved - Train: (1431, 6), Test: (358, 6)
2025-06-29 21:52:51,237 - src.utils - INFO - Step 3/6 (50.0%) - Creating selected dataset - Elapsed: 0:04:12.827812
2025-06-29 21:52:51,237 - src.feature_selection - INFO - Creating feature selection report...
2025-06-29 21:52:51,237 - src.utils - INFO - Step 4/6 (66.7%) - Creating feature selection report - Elapsed: 0:04:12.828178
2025-06-29 21:52:51,237 - src.utils - INFO - Saving JSON to: /Users/phanumetchoompun/Desktop/dataset_ V2/result/feature_selection/feature_selection_report.json
2025-06-29 21:52:51,238 - src.utils - INFO - JSON saved successfully
2025-06-29 21:52:51,239 - src.utils - INFO - Saving JSON to: /Users/phanumetchoompun/Desktop/dataset_ V2/result/feature_selection/selected_features.json
2025-06-29 21:52:51,240 - src.utils - INFO - JSON saved successfully
2025-06-29 21:52:51,243 - src.utils - INFO - Saving data to: /Users/phanumetchoompun/Desktop/dataset_ V2/result/feature_selection/selection_scores.csv
2025-06-29 21:52:51,245 - src.utils - INFO - Data saved successfully
2025-06-29 21:52:51,246 - src.utils - INFO - Step 5/6 (83.3%) - Saving results - Elapsed: 0:04:12.836798
2025-06-29 21:52:51,246 - src.utils - INFO - Feature Selection completed in 0:04:12.837132
2025-06-29 21:52:51,247 - src.feature_selection - INFO - Feature selection completed successfully
2025-06-29 21:52:51,248 - src.model_training - INFO - Starting model training pipeline...
2025-06-29 21:52:51,248 - src.utils - INFO - Starting Model Training - 7 steps
2025-06-29 21:52:51,248 - src.model_training - INFO - Loading selected features data...
2025-06-29 21:52:51,248 - src.utils - INFO - Loading data from: /Users/phanumetchoompun/Desktop/dataset_ V2/result/feature_selection/train_data_selected.csv
2025-06-29 21:52:51,255 - src.utils - INFO - Data loaded successfully. Shape: (1431, 6)
2025-06-29 21:52:51,256 - src.utils - INFO - Loading data from: /Users/phanumetchoompun/Desktop/dataset_ V2/result/feature_selection/test_data_selected.csv
2025-06-29 21:52:51,258 - src.utils - INFO - Data loaded successfully. Shape: (358, 6)
2025-06-29 21:52:51,259 - src.model_training - INFO - Data loaded - Train: (1431, 5), Test: (358, 5)
2025-06-29 21:52:51,260 - src.model_training - INFO - Features: ['คะแนนคอมพิวเตอร์', 'คะแนนศิลปะ', 'คะแนนคณิตศาสตร์', 'คะแนนวิทยาศาสตร์', 'คะแนนภาษาไทย']
2025-06-29 21:52:51,260 - src.utils - INFO - Step 1/7 (14.3%) - Loading selected data - Elapsed: 0:00:00.012533
2025-06-29 21:52:51,260 - src.model_training - INFO - Initializing models...
2025-06-29 21:52:51,261 - src.model_training - INFO - Initialized 3 models: ['Random_Forest', 'Gradient_Boosting', 'Logistic_Regression']
2025-06-29 21:52:51,262 - src.utils - INFO - Step 2/7 (28.6%) - Initializing models - Elapsed: 0:00:00.014029
2025-06-29 21:52:51,262 - src.model_training - INFO - Starting 10-fold cross-validation...
2025-06-29 21:52:51,263 - src.model_training - INFO - Cross-validating Random_Forest...
2025-06-29 21:52:53,627 - src.model_training - INFO - Random_Forest CV completed - Accuracy: 0.8938 (+/- 0.0342)
2025-06-29 21:52:53,627 - src.model_training - INFO - Cross-validating Gradient_Boosting...
2025-06-29 21:53:01,999 - src.model_training - INFO - Gradient_Boosting CV completed - Accuracy: 0.8938 (+/- 0.0358)
2025-06-29 21:53:02,001 - src.model_training - INFO - Cross-validating Logistic_Regression...
2025-06-29 21:53:02,163 - src.model_training - INFO - Logistic_Regression CV completed - Accuracy: 0.9336 (+/- 0.0412)
2025-06-29 21:53:02,164 - src.utils - INFO - Step 3/7 (42.9%) - Cross-validation evaluation - Elapsed: 0:00:10.915811
2025-06-29 21:53:02,164 - src.model_training - INFO - Training final models...
2025-06-29 21:53:02,164 - src.model_training - INFO - Training Random_Forest...
2025-06-29 21:53:02,437 - src.utils - INFO - Saving model to: /Users/phanumetchoompun/Desktop/dataset_ V2/models/random_forest.pickle
2025-06-29 21:53:02,446 - src.utils - INFO - Model saved successfully
2025-06-29 21:53:02,446 - src.model_training - INFO - Random_Forest training completed
2025-06-29 21:53:02,447 - src.model_training - INFO - Training Gradient_Boosting...
2025-06-29 21:53:04,495 - src.utils - INFO - Saving model to: /Users/phanumetchoompun/Desktop/dataset_ V2/models/gradient_boosting.pickle
2025-06-29 21:53:04,515 - src.utils - INFO - Model saved successfully
2025-06-29 21:53:04,516 - src.model_training - INFO - Gradient_Boosting training completed
2025-06-29 21:53:04,516 - src.model_training - INFO - Training Logistic_Regression...
2025-06-29 21:53:04,544 - src.utils - INFO - Saving model to: /Users/phanumetchoompun/Desktop/dataset_ V2/models/logistic_regression.pickle
2025-06-29 21:53:04,545 - src.utils - INFO - Model saved successfully
2025-06-29 21:53:04,546 - src.model_training - INFO - Logistic_Regression training completed
2025-06-29 21:53:04,546 - src.utils - INFO - Step 4/7 (57.1%) - Training final models - Elapsed: 0:00:13.298350
2025-06-29 21:53:04,547 - src.model_training - INFO - Evaluating models on test set...
2025-06-29 21:53:04,547 - src.model_training - INFO - Evaluating Random_Forest on test set...
2025-06-29 21:53:04,715 - src.model_training - INFO - Random_Forest test evaluation completed - Accuracy: 0.8966
2025-06-29 21:53:04,716 - src.model_training - INFO - Evaluating Gradient_Boosting on test set...
2025-06-29 21:53:04,771 - src.model_training - INFO - Gradient_Boosting test evaluation completed - Accuracy: 0.8855
2025-06-29 21:53:04,771 - src.model_training - INFO - Evaluating Logistic_Regression on test set...
2025-06-29 21:53:04,798 - src.model_training - INFO - Logistic_Regression test evaluation completed - Accuracy: 0.9413
2025-06-29 21:53:04,798 - src.utils - INFO - Step 5/7 (71.4%) - Test set evaluation - Elapsed: 0:00:13.550595
2025-06-29 21:53:04,798 - src.model_training - INFO - Creating confusion matrices...
2025-06-29 21:53:04,799 - src.utils - INFO - Loading JSON from: /Users/phanumetchoompun/Desktop/dataset_ V2/result/preprocessing/target_mapping.json
2025-06-29 21:53:04,800 - src.utils - INFO - JSON loaded successfully
2025-06-29 21:53:05,684 - src.utils - INFO - Saving plot to: /Users/phanumetchoompun/Desktop/dataset_ V2/result/evaluation/confusion_matrices.png
2025-06-29 21:53:06,908 - src.utils - INFO - Plot saved: /Users/phanumetchoompun/Desktop/dataset_ V2/result/evaluation/confusion_matrices.png
2025-06-29 21:53:06,908 - src.model_training - INFO - Confusion matrices created and saved
2025-06-29 21:53:06,908 - src.utils - INFO - Step 6/7 (85.7%) - Creating confusion matrices - Elapsed: 0:00:15.660531
2025-06-29 21:53:06,908 - src.model_training - INFO - Creating training report...
2025-06-29 21:53:06,909 - src.utils - INFO - Saving JSON to: /Users/phanumetchoompun/Desktop/dataset_ V2/result/evaluation/training_report.json
2025-06-29 21:53:06,922 - src.utils - INFO - JSON saved successfully
2025-06-29 21:53:06,922 - src.utils - INFO - Saving JSON to: /Users/phanumetchoompun/Desktop/dataset_ V2/result/evaluation/cv_results.json
2025-06-29 21:53:06,924 - src.utils - INFO - JSON saved successfully
2025-06-29 21:53:06,924 - src.utils - INFO - Saving JSON to: /Users/phanumetchoompun/Desktop/dataset_ V2/result/evaluation/test_results.json
2025-06-29 21:53:06,926 - src.utils - INFO - JSON saved successfully
2025-06-29 21:53:06,926 - src.utils - INFO - Saving JSON to: /Users/phanumetchoompun/Desktop/dataset_ V2/result/evaluation/predictions.json
2025-06-29 21:53:06,939 - src.utils - INFO - JSON saved successfully
2025-06-29 21:53:06,939 - src.utils - INFO - Saving data to: /Users/phanumetchoompun/Desktop/dataset_ V2/result/evaluation/model_performance.csv
2025-06-29 21:53:06,941 - src.utils - INFO - Data saved successfully
2025-06-29 21:53:06,941 - src.utils - INFO - Step 7/7 (100.0%) - Saving results - Elapsed: 0:00:15.693342
2025-06-29 21:53:06,941 - src.utils - INFO - Model Training completed in 0:00:15.693530
2025-06-29 21:53:06,942 - src.model_training - INFO - Model training completed successfully
2025-06-29 21:53:06,942 - src.model_comparison - INFO - Starting comprehensive model comparison...
2025-06-29 21:53:06,942 - src.utils - INFO - Starting Model Comparison - 6 steps
2025-06-29 21:53:06,942 - src.model_comparison - INFO - Loading all results for comparison...
2025-06-29 21:53:06,942 - src.utils - INFO - Loading JSON from: /Users/phanumetchoompun/Desktop/dataset_ V2/result/preprocessing/normalization_report.json
2025-06-29 21:53:06,943 - src.utils - INFO - JSON loaded successfully
2025-06-29 21:53:06,943 - src.utils - INFO - Loading JSON from: /Users/phanumetchoompun/Desktop/dataset_ V2/result/feature_selection/feature_selection_report.json
2025-06-29 21:53:06,944 - src.utils - INFO - JSON loaded successfully
2025-06-29 21:53:06,944 - src.utils - INFO - Loading JSON from: /Users/phanumetchoompun/Desktop/dataset_ V2/result/feature_selection/selected_features.json
2025-06-29 21:53:06,945 - src.utils - INFO - JSON loaded successfully
2025-06-29 21:53:06,945 - src.utils - INFO - Loading JSON from: /Users/phanumetchoompun/Desktop/dataset_ V2/result/evaluation/training_report.json
2025-06-29 21:53:06,948 - src.utils - INFO - JSON loaded successfully
2025-06-29 21:53:06,948 - src.utils - INFO - Loading JSON from: /Users/phanumetchoompun/Desktop/dataset_ V2/result/evaluation/cv_results.json
2025-06-29 21:53:06,949 - src.utils - INFO - JSON loaded successfully
2025-06-29 21:53:06,949 - src.utils - INFO - Loading JSON from: /Users/phanumetchoompun/Desktop/dataset_ V2/result/evaluation/test_results.json
2025-06-29 21:53:06,949 - src.utils - INFO - JSON loaded successfully
2025-06-29 21:53:06,950 - src.utils - INFO - Loading data from: /Users/phanumetchoompun/Desktop/dataset_ V2/result/evaluation/model_performance.csv
2025-06-29 21:53:06,953 - src.utils - INFO - Data loaded successfully. Shape: (3, 12)
2025-06-29 21:53:06,953 - src.utils - INFO - Loading data from: /Users/phanumetchoompun/Desktop/dataset_ V2/result/feature_selection/selection_scores.csv
2025-06-29 21:53:06,956 - src.utils - INFO - Data loaded successfully. Shape: (13, 2)
2025-06-29 21:53:06,956 - src.model_comparison - INFO - All results loaded successfully
2025-06-29 21:53:06,956 - src.utils - INFO - Step 1/6 (16.7%) - Loading all results - Elapsed: 0:00:00.013869
2025-06-29 21:53:06,956 - src.model_comparison - INFO - Analyzing feature selection impact...
2025-06-29 21:53:06,956 - src.model_comparison - INFO - Feature selection impact analysis completed
2025-06-29 21:53:06,957 - src.utils - INFO - Step 2/6 (33.3%) - Analyzing feature selection impact - Elapsed: 0:00:00.014436
2025-06-29 21:53:06,957 - src.model_comparison - INFO - Performing comprehensive model comparison...
2025-06-29 21:53:06,960 - src.model_comparison - INFO - Comprehensive model comparison completed
2025-06-29 21:53:06,961 - src.utils - INFO - Step 3/6 (50.0%) - Comprehensive model comparison - Elapsed: 0:00:00.018495
2025-06-29 21:53:06,961 - src.model_comparison - INFO - Generating recommendations...
2025-06-29 21:53:06,961 - src.model_comparison - INFO - Recommendations generated
2025-06-29 21:53:06,961 - src.utils - INFO - Step 4/6 (66.7%) - Generating recommendations - Elapsed: 0:00:00.018834
2025-06-29 21:53:06,961 - src.model_comparison - INFO - Creating final comprehensive report...
2025-06-29 21:53:06,961 - src.model_comparison - INFO - Final comprehensive report created
2025-06-29 21:53:06,961 - src.utils - INFO - Step 5/6 (83.3%) - Creating final report - Elapsed: 0:00:00.019203
2025-06-29 21:53:06,961 - src.utils - INFO - Saving JSON to: /Users/phanumetchoompun/Desktop/dataset_ V2/result/comparison/final_report.json
2025-06-29 21:53:06,963 - src.utils - INFO - JSON saved successfully
2025-06-29 21:53:06,963 - src.utils - INFO - Saving JSON to: /Users/phanumetchoompun/Desktop/dataset_ V2/result/comparison/model_comparison.json
2025-06-29 21:53:06,963 - src.utils - INFO - JSON saved successfully
2025-06-29 21:53:06,964 - src.utils - INFO - Saving JSON to: /Users/phanumetchoompun/Desktop/dataset_ V2/result/comparison/feature_selection_impact.json
2025-06-29 21:53:06,964 - src.utils - INFO - JSON saved successfully
2025-06-29 21:53:06,964 - src.utils - INFO - Saving JSON to: /Users/phanumetchoompun/Desktop/dataset_ V2/result/comparison/recommendations.json
2025-06-29 21:53:06,965 - src.utils - INFO - JSON saved successfully
2025-06-29 21:53:06,966 - src.utils - INFO - Saving data to: /Users/phanumetchoompun/Desktop/dataset_ V2/result/comparison/model_comparison.csv
2025-06-29 21:53:06,967 - src.utils - INFO - Data saved successfully
2025-06-29 21:53:06,968 - src.utils - INFO - Step 6/6 (100.0%) - Saving results - Elapsed: 0:00:00.025592
2025-06-29 21:53:06,968 - src.utils - INFO - Model Comparison completed in 0:00:00.025847
2025-06-29 21:53:06,968 - src.model_comparison - INFO - Comprehensive model comparison completed successfully
2025-06-29 21:53:06,971 - src.visualization - INFO - Creating all visualizations...
2025-06-29 21:53:06,972 - src.utils - INFO - Starting Visualization - 7 steps
2025-06-29 21:53:06,972 - src.visualization - INFO - Loading results data for visualization...
2025-06-29 21:53:06,972 - src.utils - INFO - Loading JSON from: /Users/phanumetchoompun/Desktop/dataset_ V2/result/feature_selection/feature_selection_report.json
2025-06-29 21:53:06,973 - src.utils - INFO - JSON loaded successfully
2025-06-29 21:53:06,973 - src.utils - INFO - Loading JSON from: /Users/phanumetchoompun/Desktop/dataset_ V2/result/feature_selection/selected_features.json
2025-06-29 21:53:06,974 - src.utils - INFO - JSON loaded successfully
2025-06-29 21:53:06,974 - src.utils - INFO - Loading JSON from: /Users/phanumetchoompun/Desktop/dataset_ V2/result/evaluation/training_report.json
2025-06-29 21:53:06,978 - src.utils - INFO - JSON loaded successfully
2025-06-29 21:53:06,978 - src.utils - INFO - Loading JSON from: /Users/phanumetchoompun/Desktop/dataset_ V2/result/evaluation/cv_results.json
2025-06-29 21:53:06,979 - src.utils - INFO - JSON loaded successfully
2025-06-29 21:53:06,979 - src.utils - INFO - Loading JSON from: /Users/phanumetchoompun/Desktop/dataset_ V2/result/evaluation/test_results.json
2025-06-29 21:53:06,979 - src.utils - INFO - JSON loaded successfully
2025-06-29 21:53:06,979 - src.utils - INFO - Loading data from: /Users/phanumetchoompun/Desktop/dataset_ V2/result/evaluation/model_performance.csv
2025-06-29 21:53:06,981 - src.utils - INFO - Data loaded successfully. Shape: (3, 12)
2025-06-29 21:53:06,981 - src.utils - INFO - Loading data from: /Users/phanumetchoompun/Desktop/dataset_ V2/result/feature_selection/selection_scores.csv
2025-06-29 21:53:06,983 - src.utils - INFO - Data loaded successfully. Shape: (13, 2)
2025-06-29 21:53:06,983 - src.visualization - INFO - Results data loaded successfully
2025-06-29 21:53:06,983 - src.utils - INFO - Step 1/7 (14.3%) - Loading results data - Elapsed: 0:00:00.011517
2025-06-29 21:53:06,983 - src.visualization - INFO - Creating feature selection comparison plot...
2025-06-29 21:53:07,221 - src.utils - INFO - Saving plot to: /Users/phanumetchoompun/Desktop/dataset_ V2/result/feature_selection/feature_selection_comparison.png
2025-06-29 21:53:08,530 - src.utils - INFO - Plot saved: /Users/phanumetchoompun/Desktop/dataset_ V2/result/feature_selection/feature_selection_comparison.png
2025-06-29 21:53:08,530 - src.utils - INFO - Step 2/7 (28.6%) - Feature selection comparison - Elapsed: 0:00:01.558638
2025-06-29 21:53:08,530 - src.visualization - INFO - Creating feature importance plot...
2025-06-29 21:53:08,686 - src.utils - INFO - Saving plot to: /Users/phanumetchoompun/Desktop/dataset_ V2/result/feature_selection/feature_importance.png
2025-06-29 21:53:09,670 - src.utils - INFO - Plot saved: /Users/phanumetchoompun/Desktop/dataset_ V2/result/feature_selection/feature_importance.png
2025-06-29 21:53:09,671 - src.utils - INFO - Step 3/7 (42.9%) - Feature importance - Elapsed: 0:00:02.698966
2025-06-29 21:53:09,671 - src.visualization - INFO - Creating model performance comparison plot...
2025-06-29 21:53:10,529 - src.utils - INFO - Saving plot to: /Users/phanumetchoompun/Desktop/dataset_ V2/result/evaluation/model_performance_comparison.png
2025-06-29 21:53:13,002 - src.utils - INFO - Plot saved: /Users/phanumetchoompun/Desktop/dataset_ V2/result/evaluation/model_performance_comparison.png
2025-06-29 21:53:13,003 - src.utils - INFO - Step 4/7 (57.1%) - Model performance comparison - Elapsed: 0:00:06.031084
2025-06-29 21:53:13,003 - src.visualization - INFO - Creating cross-validation scores plot...
2025-06-29 21:53:13,148 - src.utils - INFO - Saving plot to: /Users/phanumetchoompun/Desktop/dataset_ V2/result/evaluation/cross_validation_scores.png
2025-06-29 21:53:14,244 - src.utils - INFO - Plot saved: /Users/phanumetchoompun/Desktop/dataset_ V2/result/evaluation/cross_validation_scores.png
2025-06-29 21:53:14,245 - src.utils - INFO - Step 5/7 (71.4%) - Cross-validation scores - Elapsed: 0:00:07.272872
2025-06-29 21:53:14,245 - src.visualization - INFO - Creating enhanced confusion matrices...
2025-06-29 21:53:14,245 - src.utils - INFO - Loading JSON from: /Users/phanumetchoompun/Desktop/dataset_ V2/result/preprocessing/target_mapping.json
2025-06-29 21:53:14,245 - src.utils - INFO - JSON loaded successfully
2025-06-29 21:53:15,786 - src.utils - INFO - Saving plot to: /Users/phanumetchoompun/Desktop/dataset_ V2/result/evaluation/confusion_matrices_enhanced.png
2025-06-29 21:53:17,968 - src.utils - INFO - Plot saved: /Users/phanumetchoompun/Desktop/dataset_ V2/result/evaluation/confusion_matrices_enhanced.png
2025-06-29 21:53:17,969 - src.utils - INFO - Step 6/7 (85.7%) - Confusion matrices - Elapsed: 0:00:10.996840
2025-06-29 21:53:17,969 - src.visualization - INFO - Creating training time analysis plot...
2025-06-29 21:53:18,187 - src.utils - INFO - Saving plot to: /Users/phanumetchoompun/Desktop/dataset_ V2/result/evaluation/training_time_analysis.png
2025-06-29 21:53:19,294 - src.utils - INFO - Plot saved: /Users/phanumetchoompun/Desktop/dataset_ V2/result/evaluation/training_time_analysis.png
2025-06-29 21:53:19,294 - src.utils - INFO - Step 7/7 (100.0%) - Training time analysis - Elapsed: 0:00:12.322465
2025-06-29 21:53:19,294 - src.visualization - INFO - Creating summary dashboard...
2025-06-29 21:53:19,379 - src.utils - INFO - Saving plot to: /Users/phanumetchoompun/Desktop/dataset_ V2/result/comparison/summary_dashboard.png
2025-06-29 21:53:22,151 - src.utils - INFO - Plot saved: /Users/phanumetchoompun/Desktop/dataset_ V2/result/comparison/summary_dashboard.png
2025-06-29 21:53:22,151 - src.utils - INFO - Step 8/7 (114.3%) - Summary dashboard - Elapsed: 0:00:15.179434
2025-06-29 21:53:22,151 - src.utils - INFO - Visualization completed in 0:00:15.179549
2025-06-29 21:53:22,151 - src.visualization - INFO - All visualizations created successfully with correct titles
